Using pre-set license
Built from '2020.2/staging' branch; Version is '2020.2.3f1 (8ff31bc5bf5b) revision 9433883'; Using compiler version '192528614'; Build Type 'Release'
OS: 'Windows 8.1  (6.3.0) 64bit' Language: 'es' Physical Memory: 16336 MB
BatchMode: 1, IsHumanControllingUs: 0, StartBugReporterOnCrash: 0, Is64bit: 1, IsPro: 0

 COMMAND LINE ARGUMENTS:
C:\Program Files\Unity\Hub\Editor\2020.2.3f1\Editor\Unity.exe
-adb2
-batchMode
-noUpm
-name
AssetImportWorker0
-projectPath
D:/Users/Oscar/Desktop/Scanner Please/New Unity Project
-logFile
Logs/AssetImportWorker0.log
-srvPort
49573
Successfully changed project path to: D:/Users/Oscar/Desktop/Scanner Please/New Unity Project
D:/Users/Oscar/Desktop/Scanner Please/New Unity Project
Using Asset Import Pipeline V2.
Refreshing native plugins compatible for Editor in 20.49 ms, found 0 plugins.
Preloading 0 native plugins for Editor in 0.00 ms.
Initialize engine version: 2020.2.3f1 (8ff31bc5bf5b)
[Subsystems] Discovering subsystems at path C:/Program Files/Unity/Hub/Editor/2020.2.3f1/Editor/Data/Resources/UnitySubsystems
[Subsystems] Discovering subsystems at path D:/Users/Oscar/Desktop/Scanner Please/New Unity Project/Assets
GfxDevice: creating device client; threaded=0
d3d11: QueryInterface(IDXGIFactory5) failed (80004002).
Direct3D:
    Version:  Direct3D 11.0 [level 11.0]
    Renderer: NVIDIA GeForce GTX 760 (192-bit) (ID=0x118e)
    Vendor:   
    VRAM:     1475 MB
    Driver:   22.21.13.8165
Initialize mono
Mono path[0] = 'C:/Program Files/Unity/Hub/Editor/2020.2.3f1/Editor/Data/Managed'
Mono path[1] = 'C:/Program Files/Unity/Hub/Editor/2020.2.3f1/Editor/Data/MonoBleedingEdge/lib/mono/unityjit'
Mono config path = 'C:/Program Files/Unity/Hub/Editor/2020.2.3f1/Editor/Data/MonoBleedingEdge/etc'
Using monoOptions --debugger-agent=transport=dt_socket,embedding=1,server=y,suspend=n,address=127.0.0.1:56204
Begin MonoManager ReloadAssembly
Registering precompiled unity dll's ...
Register platform support module: C:/Program Files/Unity/Hub/Editor/2020.2.3f1/Editor/Data/PlaybackEngines/WindowsStandaloneSupport/UnityEditor.WindowsStandalone.Extensions.dll
Registered in 0.001134 seconds.
Native extension for WindowsStandalone target not found
Refreshing native plugins compatible for Editor in 21.83 ms, found 0 plugins.
Preloading 0 native plugins for Editor in 0.00 ms.
Invoked RoslynAnalysisRunner static constructor.
RoslynAnalysisRunner will not be running.
RoslynAnalysisRunner has terminated.
Mono: successfully reloaded assembly
- Completed reload, in  0.930 seconds
Platform modules already initialized, skipping
Registering precompiled user dll's ...
Registered in 0.000539 seconds.
Begin MonoManager ReloadAssembly
Native extension for WindowsStandalone target not found
Refreshing native plugins compatible for Editor in 0.22 ms, found 0 plugins.
Preloading 0 native plugins for Editor in 0.00 ms.
Invoked RoslynAnalysisRunner static constructor.
RoslynAnalysisRunner will not be running.
RoslynAnalysisRunner has terminated.
Mono: successfully reloaded assembly
- Completed reload, in  0.730 seconds
Platform modules already initialized, skipping
========================================================================
Worker process is ready to serve import requests
Launched and connected shader compiler UnityShaderCompiler.exe after 0.02 seconds
Refreshing native plugins compatible for Editor in 0.23 ms, found 0 plugins.
Preloading 0 native plugins for Editor in 0.00 ms.
Unloading 1104 Unused Serialized files (Serialized files now loaded: 0)
System memory in use before: 56.6 MB.
System memory in use after: 56.7 MB.

Unloading 9 unused Assets to reduce memory usage. Loaded Objects now: 1547.
Total: 2.064989 ms (FindLiveObjects: 0.149108 ms CreateObjectMapping: 0.071846 ms MarkObjects: 1.759930 ms  DeleteObjects: 0.083535 ms)

========================================================================
Received Import Request.
  path: Assets/Comprovadors.cs
  artifactKey: Guid(539b5f4932a83d747a9b9f947a3d34b4) Importer(815301076,1909f56bfc062723c751e8b465ee728b)
Start importing Assets/Comprovadors.cs using Guid(539b5f4932a83d747a9b9f947a3d34b4) Importer(815301076,1909f56bfc062723c751e8b465ee728b)  -> (artifact id: '48b71d6e2c9c10dab15435ae8eea4b32') in 0.015792 seconds
  Import took 0.018056 seconds .

========================================================================
Received Prepare
Registering precompiled user dll's ...
Registered in 0.000439 seconds.
Begin MonoManager ReloadAssembly
Native extension for WindowsStandalone target not found
Refreshing native plugins compatible for Editor in 0.23 ms, found 0 plugins.
Preloading 0 native plugins for Editor in 0.00 ms.
Invoked RoslynAnalysisRunner static constructor.
RoslynAnalysisRunner will not be running.
RoslynAnalysisRunner has terminated.
Mono: successfully reloaded assembly
- Completed reload, in  0.728 seconds
Platform modules already initialized, skipping
Refreshing native plugins compatible for Editor in 0.22 ms, found 0 plugins.
Preloading 0 native plugins for Editor in 0.00 ms.
Unloading 1099 Unused Serialized files (Serialized files now loaded: 0)
System memory in use before: 56.5 MB.
System memory in use after: 56.6 MB.

Unloading 4 unused Assets to reduce memory usage. Loaded Objects now: 1550.
Total: 1.717735 ms (FindLiveObjects: 0.132287 ms CreateObjectMapping: 0.035923 ms MarkObjects: 1.513318 ms  DeleteObjects: 0.034212 ms)

========================================================================
Received Prepare
Registering precompiled user dll's ...
Registered in 0.000480 seconds.
Begin MonoManager ReloadAssembly
Native extension for WindowsStandalone target not found
Refreshing native plugins compatible for Editor in 0.23 ms, found 0 plugins.
Preloading 0 native plugins for Editor in 0.00 ms.
Invoked RoslynAnalysisRunner static constructor.
RoslynAnalysisRunner will not be running.
RoslynAnalysisRunner has terminated.
Mono: successfully reloaded assembly
- Completed reload, in  0.725 seconds
Platform modules already initialized, skipping
Refreshing native plugins compatible for Editor in 0.21 ms, found 0 plugins.
Preloading 0 native plugins for Editor in 0.00 ms.
Unloading 1099 Unused Serialized files (Serialized files now loaded: 0)
System memory in use before: 56.5 MB.
System memory in use after: 56.6 MB.

Unloading 4 unused Assets to reduce memory usage. Loaded Objects now: 1552.
Total: 1.631920 ms (FindLiveObjects: 0.123164 ms CreateObjectMapping: 0.038489 ms MarkObjects: 1.439191 ms  DeleteObjects: 0.030791 ms)

========================================================================
Received Prepare
Registering precompiled user dll's ...
Registered in 0.000474 seconds.
Begin MonoManager ReloadAssembly
Native extension for WindowsStandalone target not found
Refreshing native plugins compatible for Editor in 0.32 ms, found 0 plugins.
Preloading 0 native plugins for Editor in 0.00 ms.
Invoked RoslynAnalysisRunner static constructor.
RoslynAnalysisRunner will not be running.
RoslynAnalysisRunner has terminated.
Mono: successfully reloaded assembly
- Completed reload, in  0.725 seconds
Platform modules already initialized, skipping
Refreshing native plugins compatible for Editor in 0.23 ms, found 0 plugins.
Preloading 0 native plugins for Editor in 0.00 ms.
Unloading 1099 Unused Serialized files (Serialized files now loaded: 0)
System memory in use before: 56.5 MB.
System memory in use after: 56.6 MB.

Unloading 4 unused Assets to reduce memory usage. Loaded Objects now: 1554.
Total: 1.948668 ms (FindLiveObjects: 0.230932 ms CreateObjectMapping: 0.086671 ms MarkObjects: 1.615954 ms  DeleteObjects: 0.014255 ms)

========================================================================
Received Prepare
Registering precompiled user dll's ...
Registered in 0.000636 seconds.
Begin MonoManager ReloadAssembly
Native extension for WindowsStandalone target not found
Refreshing native plugins compatible for Editor in 0.21 ms, found 0 plugins.
Preloading 0 native plugins for Editor in 0.00 ms.
Invoked RoslynAnalysisRunner static constructor.
RoslynAnalysisRunner will not be running.
RoslynAnalysisRunner has terminated.
Mono: successfully reloaded assembly
- Completed reload, in  0.707 seconds
Platform modules already initialized, skipping
Refreshing native plugins compatible for Editor in 0.21 ms, found 0 plugins.
Preloading 0 native plugins for Editor in 0.00 ms.
Unloading 1099 Unused Serialized files (Serialized files now loaded: 0)
System memory in use before: 56.5 MB.
System memory in use after: 56.6 MB.

Unloading 4 unused Assets to reduce memory usage. Loaded Objects now: 1556.
Total: 1.695498 ms (FindLiveObjects: 0.129721 ms CreateObjectMapping: 0.038489 ms MarkObjects: 1.513318 ms  DeleteObjects: 0.012830 ms)

========================================================================
Received Prepare
Registering precompiled user dll's ...
Registered in 0.000429 seconds.
Begin MonoManager ReloadAssembly
Native extension for WindowsStandalone target not found
Refreshing native plugins compatible for Editor in 0.22 ms, found 0 plugins.
Preloading 0 native plugins for Editor in 0.00 ms.
Invoked RoslynAnalysisRunner static constructor.
RoslynAnalysisRunner will not be running.
RoslynAnalysisRunner has terminated.
Mono: successfully reloaded assembly
- Completed reload, in  0.709 seconds
Platform modules already initialized, skipping
Refreshing native plugins compatible for Editor in 0.22 ms, found 0 plugins.
Preloading 0 native plugins for Editor in 0.00 ms.
Unloading 1099 Unused Serialized files (Serialized files now loaded: 0)
System memory in use before: 56.6 MB.
System memory in use after: 56.7 MB.

Unloading 4 unused Assets to reduce memory usage. Loaded Objects now: 1558.
Total: 1.979458 ms (FindLiveObjects: 0.156521 ms CreateObjectMapping: 0.073271 ms MarkObjects: 1.736267 ms  DeleteObjects: 0.012259 ms)

========================================================================
Received Prepare
Registering precompiled user dll's ...
Registered in 0.000467 seconds.
Begin MonoManager ReloadAssembly
Native extension for WindowsStandalone target not found
Refreshing native plugins compatible for Editor in 0.27 ms, found 0 plugins.
Preloading 0 native plugins for Editor in 0.00 ms.
Invoked RoslynAnalysisRunner static constructor.
RoslynAnalysisRunner will not be running.
RoslynAnalysisRunner has terminated.
Mono: successfully reloaded assembly
- Completed reload, in  0.708 seconds
Platform modules already initialized, skipping
Refreshing native plugins compatible for Editor in 0.21 ms, found 0 plugins.
Preloading 0 native plugins for Editor in 0.00 ms.
Unloading 1099 Unused Serialized files (Serialized files now loaded: 0)
System memory in use before: 56.6 MB.
System memory in use after: 56.7 MB.

Unloading 4 unused Assets to reduce memory usage. Loaded Objects now: 1560.
Total: 2.031062 ms (FindLiveObjects: 0.157376 ms CreateObjectMapping: 0.080969 ms MarkObjects: 1.779602 ms  DeleteObjects: 0.012544 ms)

========================================================================
Received Prepare
Registering precompiled user dll's ...
Registered in 0.000413 seconds.
Begin MonoManager ReloadAssembly
Native extension for WindowsStandalone target not found
Refreshing native plugins compatible for Editor in 0.22 ms, found 0 plugins.
Preloading 0 native plugins for Editor in 0.00 ms.
Invoked RoslynAnalysisRunner static constructor.
RoslynAnalysisRunner will not be running.
RoslynAnalysisRunner has terminated.
Mono: successfully reloaded assembly
- Completed reload, in  0.746 seconds
Platform modules already initialized, skipping
Refreshing native plugins compatible for Editor in 0.21 ms, found 0 plugins.
Preloading 0 native plugins for Editor in 0.00 ms.
Unloading 1099 Unused Serialized files (Serialized files now loaded: 0)
System memory in use before: 56.6 MB.
System memory in use after: 56.7 MB.

Unloading 4 unused Assets to reduce memory usage. Loaded Objects now: 1562.
Total: 1.808113 ms (FindLiveObjects: 0.146827 ms CreateObjectMapping: 0.073556 ms MarkObjects: 1.554943 ms  DeleteObjects: 0.031931 ms)

========================================================================
Received Import Request.
  Time since last request: 666.733313 seconds.
  path: Assets/Images
  artifactKey: Guid(4d63fe8e00992b745a4a23fdb3d744dc) Importer(815301076,1909f56bfc062723c751e8b465ee728b)
Start importing Assets/Images using Guid(4d63fe8e00992b745a4a23fdb3d744dc) Importer(815301076,1909f56bfc062723c751e8b465ee728b)  -> (artifact id: '4d38924551cf34c38ba61e0ddcb86573') in 0.005197 seconds
  Import took 0.007356 seconds .

========================================================================
Received Import Request.
  Time since last request: 5.041262 seconds.
  path: Assets/Images/Avatars
  artifactKey: Guid(93cd922c0f0a1f14d835a3b1a3e36a30) Importer(815301076,1909f56bfc062723c751e8b465ee728b)
Start importing Assets/Images/Avatars using Guid(93cd922c0f0a1f14d835a3b1a3e36a30) Importer(815301076,1909f56bfc062723c751e8b465ee728b)  -> (artifact id: 'f2b1daf8b3378478a7cb484f57217880') in 0.002675 seconds
  Import took 0.004636 seconds .

========================================================================
Received Import Request.
  Time since last request: 23.492883 seconds.
  path: Assets/Images/Avatars/AvatarFem.jpg
  artifactKey: Guid(406b716d6bc870444ac2b0b6d2bdb8aa) Importer(815301076,1909f56bfc062723c751e8b465ee728b)
Start importing Assets/Images/Avatars/AvatarFem.jpg using Guid(406b716d6bc870444ac2b0b6d2bdb8aa) Importer(815301076,1909f56bfc062723c751e8b465ee728b)  -> (artifact id: '47a687d0fa3f14f9929acab5af256833') in 0.043366 seconds
  Import took 0.045556 seconds .

========================================================================
Received Import Request.
  Time since last request: 0.000204 seconds.
  path: Assets/Images/Avatars/AvatarMas.jpg
  artifactKey: Guid(1ac6f41591492154482c639d99337fcc) Importer(815301076,1909f56bfc062723c751e8b465ee728b)
Start importing Assets/Images/Avatars/AvatarMas.jpg using Guid(1ac6f41591492154482c639d99337fcc) Importer(815301076,1909f56bfc062723c751e8b465ee728b)  -> (artifact id: '0356d083fce6b7260cab5335d9d236cd') in 0.009463 seconds
  Import took 0.011512 seconds .

========================================================================
Received Prepare
Registering precompiled user dll's ...
Registered in 0.000483 seconds.
Begin MonoManager ReloadAssembly
Native extension for WindowsStandalone target not found
Refreshing native plugins compatible for Editor in 0.22 ms, found 0 plugins.
Preloading 0 native plugins for Editor in 0.00 ms.
Invoked RoslynAnalysisRunner static constructor.
RoslynAnalysisRunner will not be running.
RoslynAnalysisRunner has terminated.
Mono: successfully reloaded assembly
- Completed reload, in  0.728 seconds
Platform modules already initialized, skipping
Refreshing native plugins compatible for Editor in 0.21 ms, found 0 plugins.
Preloading 0 native plugins for Editor in 0.00 ms.
Unloading 1099 Unused Serialized files (Serialized files now loaded: 0)
System memory in use before: 56.6 MB.
System memory in use after: 56.7 MB.

Unloading 4 unused Assets to reduce memory usage. Loaded Objects now: 1566.
Total: 1.719446 ms (FindLiveObjects: 0.151389 ms CreateObjectMapping: 0.037918 ms MarkObjects: 1.516739 ms  DeleteObjects: 0.012544 ms)

========================================================================
Received Import Request.
  Time since last request: 481.397426 seconds.
  path: Assets/Images/Avatars/AvatarFem.jpg
  artifactKey: Guid(406b716d6bc870444ac2b0b6d2bdb8aa) Importer(815301076,1909f56bfc062723c751e8b465ee728b)
Start importing Assets/Images/Avatars/AvatarFem.jpg using Guid(406b716d6bc870444ac2b0b6d2bdb8aa) Importer(815301076,1909f56bfc062723c751e8b465ee728b)  -> (artifact id: '0f84281f25d0d5ed9b26e4126fd88e20') in 0.033885 seconds
  Import took 0.036278 seconds .

========================================================================
Received Prepare
Registering precompiled user dll's ...
Registered in 0.000500 seconds.
Begin MonoManager ReloadAssembly
Native extension for WindowsStandalone target not found
Refreshing native plugins compatible for Editor in 0.29 ms, found 0 plugins.
Preloading 0 native plugins for Editor in 0.00 ms.
Invoked RoslynAnalysisRunner static constructor.
RoslynAnalysisRunner will not be running.
RoslynAnalysisRunner has terminated.
Mono: successfully reloaded assembly
- Completed reload, in  0.680 seconds
Platform modules already initialized, skipping
Refreshing native plugins compatible for Editor in 0.22 ms, found 0 plugins.
Preloading 0 native plugins for Editor in 0.00 ms.
Unloading 1099 Unused Serialized files (Serialized files now loaded: 0)
System memory in use before: 56.6 MB.
System memory in use after: 56.7 MB.

Unloading 4 unused Assets to reduce memory usage. Loaded Objects now: 1568.
Total: 1.501914 ms (FindLiveObjects: 0.112045 ms CreateObjectMapping: 0.036208 ms MarkObjects: 1.340831 ms  DeleteObjects: 0.011974 ms)

========================================================================
Received Prepare
Registering precompiled user dll's ...
Registered in 0.000434 seconds.
Begin MonoManager ReloadAssembly
Native extension for WindowsStandalone target not found
Refreshing native plugins compatible for Editor in 0.23 ms, found 0 plugins.
Preloading 0 native plugins for Editor in 0.00 ms.
Invoked RoslynAnalysisRunner static constructor.
RoslynAnalysisRunner will not be running.
RoslynAnalysisRunner has terminated.
Mono: successfully reloaded assembly
- Completed reload, in  0.711 seconds
Platform modules already initialized, skipping
Refreshing native plugins compatible for Editor in 0.22 ms, found 0 plugins.
Preloading 0 native plugins for Editor in 0.00 ms.
Unloading 1099 Unused Serialized files (Serialized files now loaded: 0)
System memory in use before: 56.6 MB.
System memory in use after: 56.7 MB.

Unloading 4 unused Assets to reduce memory usage. Loaded Objects now: 1570.
Total: 2.078674 ms (FindLiveObjects: 0.210120 ms CreateObjectMapping: 0.094654 ms MarkObjects: 1.759075 ms  DeleteObjects: 0.013400 ms)

========================================================================
Received Prepare
Registering precompiled user dll's ...
Registered in 0.000518 seconds.
Begin MonoManager ReloadAssembly
Native extension for WindowsStandalone target not found
Refreshing native plugins compatible for Editor in 0.23 ms, found 0 plugins.
Preloading 0 native plugins for Editor in 0.00 ms.
Invoked RoslynAnalysisRunner static constructor.
RoslynAnalysisRunner will not be running.
RoslynAnalysisRunner has terminated.
Mono: successfully reloaded assembly
- Completed reload, in  0.705 seconds
Platform modules already initialized, skipping
Refreshing native plugins compatible for Editor in 0.23 ms, found 0 plugins.
Preloading 0 native plugins for Editor in 0.00 ms.
Unloading 1099 Unused Serialized files (Serialized files now loaded: 0)
System memory in use before: 56.6 MB.
System memory in use after: 56.7 MB.

Unloading 4 unused Assets to reduce memory usage. Loaded Objects now: 1572.
Total: 2.001411 ms (FindLiveObjects: 0.168780 ms CreateObjectMapping: 0.076692 ms MarkObjects: 1.742539 ms  DeleteObjects: 0.012544 ms)

========================================================================
Received Prepare
Registering precompiled user dll's ...
Registered in 0.000447 seconds.
Begin MonoManager ReloadAssembly
Native extension for WindowsStandalone target not found
Refreshing native plugins compatible for Editor in 0.24 ms, found 0 plugins.
Preloading 0 native plugins for Editor in 0.00 ms.
Invoked RoslynAnalysisRunner static constructor.
RoslynAnalysisRunner will not be running.
RoslynAnalysisRunner has terminated.
Mono: successfully reloaded assembly
- Completed reload, in  0.735 seconds
Platform modules already initialized, skipping
Refreshing native plugins compatible for Editor in 0.21 ms, found 0 plugins.
Preloading 0 native plugins for Editor in 0.00 ms.
Unloading 1099 Unused Serialized files (Serialized files now loaded: 0)
System memory in use before: 56.6 MB.
System memory in use after: 56.7 MB.

Unloading 4 unused Assets to reduce memory usage. Loaded Objects now: 1574.
Total: 1.780743 ms (FindLiveObjects: 0.143121 ms CreateObjectMapping: 0.069850 ms MarkObjects: 1.534130 ms  DeleteObjects: 0.032787 ms)

========================================================================
Received Prepare
Registering precompiled user dll's ...
Registered in 0.000552 seconds.
Begin MonoManager ReloadAssembly
Native extension for WindowsStandalone target not found
Refreshing native plugins compatible for Editor in 0.22 ms, found 0 plugins.
Preloading 0 native plugins for Editor in 0.00 ms.
Invoked RoslynAnalysisRunner static constructor.
RoslynAnalysisRunner will not be running.
RoslynAnalysisRunner has terminated.
Mono: successfully reloaded assembly
- Completed reload, in  0.702 seconds
Platform modules already initialized, skipping
Refreshing native plugins compatible for Editor in 0.22 ms, found 0 plugins.
Preloading 0 native plugins for Editor in 0.00 ms.
Unloading 1099 Unused Serialized files (Serialized files now loaded: 0)
System memory in use before: 56.6 MB.
System memory in use after: 56.7 MB.

Unloading 4 unused Assets to reduce memory usage. Loaded Objects now: 1576.
Total: 1.714884 ms (FindLiveObjects: 0.179044 ms CreateObjectMapping: 0.040484 ms MarkObjects: 1.481672 ms  DeleteObjects: 0.012830 ms)

========================================================================
Received Prepare
Registering precompiled user dll's ...
Registered in 0.000451 seconds.
Begin MonoManager ReloadAssembly
Native extension for WindowsStandalone target not found
Refreshing native plugins compatible for Editor in 0.22 ms, found 0 plugins.
Preloading 0 native plugins for Editor in 0.00 ms.
Invoked RoslynAnalysisRunner static constructor.
RoslynAnalysisRunner will not be running.
RoslynAnalysisRunner has terminated.
Mono: successfully reloaded assembly
- Completed reload, in  0.671 seconds
Platform modules already initialized, skipping
Refreshing native plugins compatible for Editor in 0.21 ms, found 0 plugins.
Preloading 0 native plugins for Editor in 0.00 ms.
Unloading 1099 Unused Serialized files (Serialized files now loaded: 0)
System memory in use before: 56.6 MB.
System memory in use after: 56.7 MB.

Unloading 4 unused Assets to reduce memory usage. Loaded Objects now: 1578.
Total: 1.788441 ms (FindLiveObjects: 0.141695 ms CreateObjectMapping: 0.066714 ms MarkObjects: 1.548385 ms  DeleteObjects: 0.030791 ms)

========================================================================
Received Prepare
Registering precompiled user dll's ...
Registered in 0.000579 seconds.
Begin MonoManager ReloadAssembly
Native extension for WindowsStandalone target not found
Refreshing native plugins compatible for Editor in 0.42 ms, found 0 plugins.
Preloading 0 native plugins for Editor in 0.00 ms.
Invoked RoslynAnalysisRunner static constructor.
RoslynAnalysisRunner will not be running.
RoslynAnalysisRunner has terminated.
Mono: successfully reloaded assembly
- Completed reload, in  0.838 seconds
Platform modules already initialized, skipping
Refreshing native plugins compatible for Editor in 0.26 ms, found 0 plugins.
Preloading 0 native plugins for Editor in 0.00 ms.
Unloading 1099 Unused Serialized files (Serialized files now loaded: 0)
System memory in use before: 56.6 MB.
System memory in use after: 56.7 MB.

Unloading 4 unused Assets to reduce memory usage. Loaded Objects now: 1580.
Total: 2.656574 ms (FindLiveObjects: 0.354666 ms CreateObjectMapping: 0.155380 ms MarkObjects: 2.117447 ms  DeleteObjects: 0.025659 ms)

========================================================================
Received Prepare
Registering precompiled user dll's ...
Registered in 0.000434 seconds.
Begin MonoManager ReloadAssembly
Native extension for WindowsStandalone target not found
Refreshing native plugins compatible for Editor in 0.22 ms, found 0 plugins.
Preloading 0 native plugins for Editor in 0.00 ms.
Invoked RoslynAnalysisRunner static constructor.
RoslynAnalysisRunner will not be running.
RoslynAnalysisRunner has terminated.
Mono: successfully reloaded assembly
- Completed reload, in  0.690 seconds
Platform modules already initialized, skipping
Refreshing native plugins compatible for Editor in 0.21 ms, found 0 plugins.
Preloading 0 native plugins for Editor in 0.00 ms.
Unloading 1099 Unused Serialized files (Serialized files now loaded: 0)
System memory in use before: 56.6 MB.
System memory in use after: 56.7 MB.

Unloading 4 unused Assets to reduce memory usage. Loaded Objects now: 1582.
Total: 1.940400 ms (FindLiveObjects: 0.148253 ms CreateObjectMapping: 0.071560 ms MarkObjects: 1.694642 ms  DeleteObjects: 0.025089 ms)

AssetImportWorkerClient::OnTransportError - code=2 error=End of file
